# JRE version: OpenJDK Runtime Environment Temurin-21.0.10+7 (21.0.10+7) (build 21.0.10+7-LTS)
# Java VM: OpenJDK 64-Bit Server VM Temurin-21.0.10+7 (21.0.10+7-LTS, mixed mode, sharing, tiered, compressed oops, compressed class ptrs, parallel gc, windows-amd64)
GC Precious Log:
 CardTable entry size: 512
 CPUs: 12 total, 12 available
 Memory: 15571M
 Large Page Support: Disabled
 NUMA Support: Disabled
 Compressed Oops: Enabled (32-bit)
 Alignments: Space 512K, Generation 512K, Heap 2M
 Heap Min Capacity: 100M
 Heap Initial Capacity: 100M
 Heap Max Capacity: 2G
 Pre-touch: Disabled
 Parallel Workers: 10
Heap:
 PSYoungGen      total 9728K, used 6813K [0x00000000d5580000, 0x00000000d6080000, 0x0000000100000000)
  eden space 8704K, 71% used [0x00000000d5580000,0x00000000d5b8a4d0,0x00000000d5e00000)
  from space 1024K, 61% used [0x00000000d5e00000,0x00000000d5e9d200,0x00000000d5f00000)
  to   space 1024K, 0% used [0x00000000d5f80000,0x00000000d5f80000,0x00000000d6080000)
 ParOldGen       total 88064K, used 75069K [0x0000000080000000, 0x0000000085600000, 0x00000000d5580000)
  object space 88064K, 85% used [0x0000000080000000,0x000000008494f518,0x0000000085600000)
 Metaspace       used 63530K, committed 65024K, reserved 1114112K
  class space    used 6694K, committed 7360K, reserved 1048576K
GC Heap History (20 events):
Event: 30.266 GC heap before
{Heap before GC invocations=133 (full 3):
 PSYoungGen      total 11264K, used 11236K [0x00000000d5580000, 0x00000000d6280000, 0x0000000100000000)
  eden space 10240K, 100% used [0x00000000d5580000,0x00000000d5f80000,0x00000000d5f80000)
  from space 1024K, 97% used [0x00000000d5f80000,0x00000000d60790e8,0x00000000d6080000)
  to   space 1536K, 0% used [0x00000000d6100000,0x00000000d6100000,0x00000000d6280000)
 ParOldGen       total 88064K, used 68172K [0x0000000080000000, 0x0000000085600000, 0x00000000d5580000)
  object space 88064K, 77% used [0x0000000080000000,0x0000000084293388,0x0000000085600000)
 Metaspace       used 60462K, committed 61888K, reserved 1114112K
  class space    used 6436K, committed 7040K, reserved 1048576K
}
Event: 30.267 GC heap after
{Heap after GC invocations=133 (full 3):
 PSYoungGen      total 10752K, used 320K [0x00000000d5580000, 0x00000000d6180000, 0x0000000100000000)
  eden space 10240K, 0% used [0x00000000d5580000,0x00000000d5580000,0x00000000d5f80000)
  from space 512K, 62% used [0x00000000d6100000,0x00000000d6150000,0x00000000d6180000)
  to   space 1024K, 0% used [0x00000000d5f80000,0x00000000d5f80000,0x00000000d6080000)
 ParOldGen       total 88064K, used 68276K [0x0000000080000000, 0x0000000085600000, 0x00000000d5580000)
  object space 88064K, 77% used [0x0000000080000000,0x00000000842ad388,0x0000000085600000)
 Metaspace       used 60462K, committed 61888K, reserved 1114112K
  class space    used 6436K, committed 7040K, reserved 1048576K
}
Event: 30.379 GC heap before
{Heap before GC invocations=134 (full 3):
 PSYoungGen      total 10752K, used 10560K [0x00000000d5580000, 0x00000000d6180000, 0x0000000100000000)
  eden space 10240K, 100% used [0x00000000d5580000,0x00000000d5f80000,0x00000000d5f80000)
  from space 512K, 62% used [0x00000000d6100000,0x00000000d6150000,0x00000000d6180000)
  to   space 1024K, 0% used [0x00000000d5f80000,0x00000000d5f80000,0x00000000d6080000)
 ParOldGen       total 88064K, used 68276K [0x0000000080000000, 0x0000000085600000, 0x00000000d5580000)
  object space 88064K, 77% used [0x0000000080000000,0x00000000842ad388,0x0000000085600000)
 Metaspace       used 60727K, committed 62208K, reserved 1114112K
  class space    used 6466K, committed 7104K, reserved 1048576K
}
Event: 30.380 GC heap after
{Heap after GC invocations=134 (full 3):
 PSYoungGen      total 11264K, used 512K [0x00000000d5580000, 0x00000000d6180000, 0x0000000100000000)
  eden space 10240K, 0% used [0x00000000d5580000,0x00000000d5580000,0x00000000d5f80000)
  from space 1024K, 50% used [0x00000000d5f80000,0x00000000d6000000,0x00000000d6080000)
  to   space 1024K, 0% used [0x00000000d6080000,0x00000000d6080000,0x00000000d6180000)
 ParOldGen       total 88064K, used 68460K [0x0000000080000000, 0x0000000085600000, 0x00000000d5580000)
  object space 88064K, 77% used [0x0000000080000000,0x00000000842db388,0x0000000085600000)
 Metaspace       used 60727K, committed 62208K, reserved 1114112K
  class space    used 6466K, committed 7104K, reserved 1048576K
}
Event: 30.432 GC heap before
{Heap before GC invocations=135 (full 3):
 PSYoungGen      total 11264K, used 10752K [0x00000000d5580000, 0x00000000d6180000, 0x0000000100000000)
  eden space 10240K, 100% used [0x00000000d5580000,0x00000000d5f80000,0x00000000d5f80000)
  from space 1024K, 50% used [0x00000000d5f80000,0x00000000d6000000,0x00000000d6080000)
  to   space 1024K, 0% used [0x00000000d6080000,0x00000000d6080000,0x00000000d6180000)
 ParOldGen       total 88064K, used 68460K [0x0000000080000000, 0x0000000085600000, 0x00000000d5580000)
  object space 88064K, 77% used [0x0000000080000000,0x00000000842db388,0x0000000085600000)
 Metaspace       used 60864K, committed 62336K, reserved 1114112K
  class space    used 6481K, committed 7104K, reserved 1048576K
}
Event: 30.434 GC heap after
{Heap after GC invocations=135 (full 3):
 PSYoungGen      total 11264K, used 784K [0x00000000d5580000, 0x00000000d6180000, 0x0000000100000000)
  eden space 10240K, 0% used [0x00000000d5580000,0x00000000d5580000,0x00000000d5f80000)
  from space 1024K, 76% used [0x00000000d6080000,0x00000000d61443f0,0x00000000d6180000)
  to   space 1024K, 0% used [0x00000000d5f80000,0x00000000d5f80000,0x00000000d6080000)
 ParOldGen       total 88064K, used 68820K [0x0000000080000000, 0x0000000085600000, 0x00000000d5580000)
  object space 88064K, 78% used [0x0000000080000000,0x00000000843353c8,0x0000000085600000)
 Metaspace       used 60864K, committed 62336K, reserved 1114112K
  class space    used 6481K, committed 7104K, reserved 1048576K
}
Event: 30.545 GC heap before
{Heap before GC invocations=136 (full 3):
 PSYoungGen      total 11264K, used 11024K [0x00000000d5580000, 0x00000000d6180000, 0x0000000100000000)
  eden space 10240K, 100% used [0x00000000d5580000,0x00000000d5f80000,0x00000000d5f80000)
  from space 1024K, 76% used [0x00000000d6080000,0x00000000d61443f0,0x00000000d6180000)
  to   space 1024K, 0% used [0x00000000d5f80000,0x00000000d5f80000,0x00000000d6080000)
 ParOldGen       total 88064K, used 68820K [0x0000000080000000, 0x0000000085600000, 0x00000000d5580000)
  object space 88064K, 78% used [0x0000000080000000,0x00000000843353c8,0x0000000085600000)
 Metaspace       used 61189K, committed 62720K, reserved 1114112K
  class space    used 6501K, committed 7168K, reserved 1048576K
}
Event: 30.549 GC heap after
{Heap after GC invocations=136 (full 3):
 PSYoungGen      total 11264K, used 999K [0x00000000d5580000, 0x00000000d6380000, 0x0000000100000000)
  eden space 10240K, 0% used [0x00000000d5580000,0x00000000d5580000,0x00000000d5f80000)
  from space 1024K, 97% used [0x00000000d5f80000,0x00000000d6079d90,0x00000000d6080000)
  to   space 2048K, 0% used [0x00000000d6180000,0x00000000d6180000,0x00000000d6380000)
 ParOldGen       total 88064K, used 69518K [0x0000000080000000, 0x0000000085600000, 0x00000000d5580000)
  object space 88064K, 78% used [0x0000000080000000,0x00000000843e3808,0x0000000085600000)
 Metaspace       used 61189K, committed 62720K, reserved 1114112K
  class space    used 6501K, committed 7168K, reserved 1048576K
}
Event: 30.648 GC heap before
{Heap before GC invocations=137 (full 3):
 PSYoungGen      total 11264K, used 11239K [0x00000000d5580000, 0x00000000d6380000, 0x0000000100000000)
  eden space 10240K, 100% used [0x00000000d5580000,0x00000000d5f80000,0x00000000d5f80000)
  from space 1024K, 97% used [0x00000000d5f80000,0x00000000d6079d90,0x00000000d6080000)
  to   space 2048K, 0% used [0x00000000d6180000,0x00000000d6180000,0x00000000d6380000)
 ParOldGen       total 88064K, used 69518K [0x0000000080000000, 0x0000000085600000, 0x00000000d5580000)
  object space 88064K, 78% used [0x0000000080000000,0x00000000843e3808,0x0000000085600000)
 Metaspace       used 62227K, committed 63744K, reserved 1114112K
  class space    used 6594K, committed 7232K, reserved 1048576K
}
Event: 30.649 GC heap after
{Heap after GC invocations=137 (full 3):
 PSYoungGen      total 11776K, used 1226K [0x00000000d5580000, 0x00000000d6300000, 0x0000000100000000)
  eden space 10240K, 0% used [0x00000000d5580000,0x00000000d5580000,0x00000000d5f80000)
  from space 1536K, 79% used [0x00000000d6180000,0x00000000d62b2a60,0x00000000d6300000)
  to   space 1536K, 0% used [0x00000000d6000000,0x00000000d6000000,0x00000000d6180000)
 ParOldGen       total 88064K, used 70440K [0x0000000080000000, 0x0000000085600000, 0x00000000d5580000)
  object space 88064K, 79% used [0x0000000080000000,0x00000000844ca040,0x0000000085600000)
 Metaspace       used 62227K, committed 63744K, reserved 1114112K
  class space    used 6594K, committed 7232K, reserved 1048576K
}
Event: 30.715 GC heap before
{Heap before GC invocations=138 (full 3):
 PSYoungGen      total 11776K, used 11466K [0x00000000d5580000, 0x00000000d6300000, 0x0000000100000000)
  eden space 10240K, 100% used [0x00000000d5580000,0x00000000d5f80000,0x00000000d5f80000)
  from space 1536K, 79% used [0x00000000d6180000,0x00000000d62b2a60,0x00000000d6300000)
  to   space 1536K, 0% used [0x00000000d6000000,0x00000000d6000000,0x00000000d6180000)
 ParOldGen       total 88064K, used 70440K [0x0000000080000000, 0x0000000085600000, 0x00000000d5580000)
  object space 88064K, 79% used [0x0000000080000000,0x00000000844ca040,0x0000000085600000)
 Metaspace       used 62694K, committed 64192K, reserved 1114112K
  class space    used 6636K, committed 7296K, reserved 1048576K
}
Event: 30.716 GC heap after
{Heap after GC invocations=138 (full 3):
 PSYoungGen      total 11264K, used 826K [0x00000000d5580000, 0x00000000d6200000, 0x0000000100000000)
  eden space 10240K, 0% used [0x00000000d5580000,0x00000000d5580000,0x00000000d5f80000)
  from space 1024K, 80% used [0x00000000d6000000,0x00000000d60ce900,0x00000000d6100000)
  to   space 1024K, 0% used [0x00000000d6100000,0x00000000d6100000,0x00000000d6200000)
 ParOldGen       total 88064K, used 71356K [0x0000000080000000, 0x0000000085600000, 0x00000000d5580000)
  object space 88064K, 81% used [0x0000000080000000,0x00000000845af338,0x0000000085600000)
 Metaspace       used 62694K, committed 64192K, reserved 1114112K
  class space    used 6636K, committed 7296K, reserved 1048576K
}
Event: 30.839 GC heap before
{Heap before GC invocations=139 (full 3):
 PSYoungGen      total 11264K, used 11066K [0x00000000d5580000, 0x00000000d6200000, 0x0000000100000000)
  eden space 10240K, 100% used [0x00000000d5580000,0x00000000d5f80000,0x00000000d5f80000)
  from space 1024K, 80% used [0x00000000d6000000,0x00000000d60ce900,0x00000000d6100000)
  to   space 1024K, 0% used [0x00000000d6100000,0x00000000d6100000,0x00000000d6200000)
 ParOldGen       total 88064K, used 71356K [0x0000000080000000, 0x0000000085600000, 0x00000000d5580000)
  object space 88064K, 81% used [0x0000000080000000,0x00000000845af338,0x0000000085600000)
 Metaspace       used 62919K, committed 64384K, reserved 1114112K
  class space    used 6645K, committed 7296K, reserved 1048576K
}
Event: 30.840 GC heap after
{Heap after GC invocations=139 (full 3):
 PSYoungGen      total 10240K, used 1012K [0x00000000d5580000, 0x00000000d6480000, 0x0000000100000000)
  eden space 9216K, 0% used [0x00000000d5580000,0x00000000d5580000,0x00000000d5e80000)
  from space 1024K, 98% used [0x00000000d6100000,0x00000000d61fd200,0x00000000d6200000)
  to   space 2560K, 0% used [0x00000000d5e80000,0x00000000d5e80000,0x00000000d6100000)
 ParOldGen       total 88064K, used 72210K [0x0000000080000000, 0x0000000085600000, 0x00000000d5580000)
  object space 88064K, 81% used [0x0000000080000000,0x00000000846848f8,0x0000000085600000)
 Metaspace       used 62919K, committed 64384K, reserved 1114112K
  class space    used 6645K, committed 7296K, reserved 1048576K
}
Event: 30.894 GC heap before
{Heap before GC invocations=140 (full 3):
 PSYoungGen      total 10240K, used 10228K [0x00000000d5580000, 0x00000000d6480000, 0x0000000100000000)
  eden space 9216K, 100% used [0x00000000d5580000,0x00000000d5e80000,0x00000000d5e80000)
  from space 1024K, 98% used [0x00000000d6100000,0x00000000d61fd200,0x00000000d6200000)
  to   space 2560K, 0% used [0x00000000d5e80000,0x00000000d5e80000,0x00000000d6100000)
 ParOldGen       total 88064K, used 72210K [0x0000000080000000, 0x0000000085600000, 0x00000000d5580000)
  object space 88064K, 81% used [0x0000000080000000,0x00000000846848f8,0x0000000085600000)
 Metaspace       used 63065K, committed 64640K, reserved 1114112K
  class space    used 6674K, committed 7360K, reserved 1048576K
}
Event: 30.896 GC heap after
{Heap after GC invocations=140 (full 3):
 PSYoungGen      total 10240K, used 1004K [0x00000000d5580000, 0x00000000d6180000, 0x0000000100000000)
  eden space 9216K, 0% used [0x00000000d5580000,0x00000000d5580000,0x00000000d5e80000)
  from space 1024K, 98% used [0x00000000d5e80000,0x00000000d5f7b040,0x00000000d5f80000)
  to   space 1536K, 0% used [0x00000000d6000000,0x00000000d6000000,0x00000000d6180000)
 ParOldGen       total 88064K, used 73222K [0x0000000080000000, 0x0000000085600000, 0x00000000d5580000)
  object space 88064K, 83% used [0x0000000080000000,0x0000000084781af8,0x0000000085600000)
 Metaspace       used 63065K, committed 64640K, reserved 1114112K
  class space    used 6674K, committed 7360K, reserved 1048576K
}
Event: 181.535 GC heap before
{Heap before GC invocations=141 (full 3):
 PSYoungGen      total 10240K, used 10220K [0x00000000d5580000, 0x00000000d6180000, 0x0000000100000000)
  eden space 9216K, 100% used [0x00000000d5580000,0x00000000d5e80000,0x00000000d5e80000)
  from space 1024K, 98% used [0x00000000d5e80000,0x00000000d5f7b040,0x00000000d5f80000)
  to   space 1536K, 0% used [0x00000000d6000000,0x00000000d6000000,0x00000000d6180000)
 ParOldGen       total 88064K, used 73222K [0x0000000080000000, 0x0000000085600000, 0x00000000d5580000)
  object space 88064K, 83% used [0x0000000080000000,0x0000000084781af8,0x0000000085600000)
 Metaspace       used 63387K, committed 64896K, reserved 1114112K
  class space    used 6692K, committed 7360K, reserved 1048576K
}
Event: 181.536 GC heap after
{Heap after GC invocations=141 (full 3):
 PSYoungGen      total 10240K, used 1510K [0x00000000d5580000, 0x00000000d6280000, 0x0000000100000000)
  eden space 8704K, 0% used [0x00000000d5580000,0x00000000d5580000,0x00000000d5e00000)
  from space 1536K, 98% used [0x00000000d6000000,0x00000000d6179918,0x00000000d6180000)
  to   space 2048K, 0% used [0x00000000d5e00000,0x00000000d5e00000,0x00000000d6000000)
 ParOldGen       total 88064K, used 74054K [0x0000000080000000, 0x0000000085600000, 0x00000000d5580000)
  object space 88064K, 84% used [0x0000000080000000,0x0000000084851a58,0x0000000085600000)
 Metaspace       used 63387K, committed 64896K, reserved 1114112K
  class space    used 6692K, committed 7360K, reserved 1048576K
}
Event: 181.591 GC heap before
{Heap before GC invocations=142 (full 3):
 PSYoungGen      total 10240K, used 10214K [0x00000000d5580000, 0x00000000d6280000, 0x0000000100000000)
  eden space 8704K, 100% used [0x00000000d5580000,0x00000000d5e00000,0x00000000d5e00000)
  from space 1536K, 98% used [0x00000000d6000000,0x00000000d6179918,0x00000000d6180000)
  to   space 2048K, 0% used [0x00000000d5e00000,0x00000000d5e00000,0x00000000d6000000)
 ParOldGen       total 88064K, used 74054K [0x0000000080000000, 0x0000000085600000, 0x00000000d5580000)
  object space 88064K, 84% used [0x0000000080000000,0x0000000084851a58,0x0000000085600000)
 Metaspace       used 63444K, committed 64960K, reserved 1114112K
  class space    used 6693K, committed 7360K, reserved 1048576K
}
Event: 181.592 GC heap after
{Heap after GC invocations=142 (full 3):
 PSYoungGen      total 9728K, used 628K [0x00000000d5580000, 0x00000000d6080000, 0x0000000100000000)
  eden space 8704K, 0% used [0x00000000d5580000,0x00000000d5580000,0x00000000d5e00000)
  from space 1024K, 61% used [0x00000000d5e00000,0x00000000d5e9d200,0x00000000d5f00000)
  to   space 1024K, 0% used [0x00000000d5f80000,0x00000000d5f80000,0x00000000d6080000)
 ParOldGen       total 88064K, used 75069K [0x0000000080000000, 0x0000000085600000, 0x00000000d5580000)
  object space 88064K, 85% used [0x0000000080000000,0x000000008494f518,0x0000000085600000)
 Metaspace       used 63444K, committed 64960K, reserved 1114112K
  class space    used 6693K, committed 7360K, reserved 1048576K
}

